Arguments: 
  C:\Program Files\nodejs\node.exe C:\Users\SriharshaShesham\AppData\Roaming\npm\node_modules\yarn\bin\yarn.js install

PATH: 
  C:\Windows\system32;C:\Windows;C:\Windows\System32\Wbem;C:\Windows\System32\WindowsPowerShell\v1.0\;C:\Program Files\Git\cmd;C:\Program Files\nodejs\;C:\Users\SriharshaShesham\AppData\Local\Programs\Microsoft VS Code\bin;C:\Users\SriharshaShesham\AppData\Roaming\npm

Yarn version: 
  1.22.4

Node version: 
  12.18.1

Platform: 
  win32 x64

Trace: 
  Error: https://registry.yarnpkg.com/@fluentui/react-icons/-/react-icons-0.1.31.tgz: ESOCKETTIMEDOUT
      at ClientRequest.<anonymous> (C:\Users\SriharshaShesham\AppData\Roaming\npm\node_modules\yarn\lib\cli.js:141375:19)
      at Object.onceWrapper (events.js:421:28)
      at ClientRequest.emit (events.js:315:20)
      at TLSSocket.emitRequestTimeout (_http_client.js:709:9)
      at Object.onceWrapper (events.js:421:28)
      at TLSSocket.emit (events.js:327:22)
      at TLSSocket.Socket._onTimeout (net.js:481:8)
      at listOnTimeout (internal/timers.js:549:17)
      at processTimers (internal/timers.js:492:7)

npm manifest: 
  {
    "name": "template",
    "version": "0.0.1",
    "private": true,
    "main": "lib/index.js",
    "engines": {
      "node": ">=0.10.0"
    },
    "scripts": {
      "build": "gulp bundle",
      "clean": "gulp clean",
      "test": "gulp test"
    },
    "dependencies": {
      "@microsoft/sp-core-library": "1.10.0",
      "@microsoft/decorators": "1.10.0",
      "@types/webpack-env": "1.13.1",
      "@types/es6-promise": "0.0.33",
      "@microsoft/sp-dialog": "1.10.0",
      "@microsoft/sp-application-base": "1.10.0"
    },
    "devDependencies": {
      "@microsoft/sp-build-web": "1.10.0",
      "@microsoft/sp-tslint-rules": "1.10.0",
      "@microsoft/sp-module-interfaces": "1.10.0",
      "@microsoft/sp-webpart-workbench": "1.10.0",
      "@microsoft/rush-stack-compiler-3.3": "0.3.5",
      "gulp": "~3.9.1",
      "@types/chai": "3.4.34",
      "@types/mocha": "2.2.38",
      "ajv": "~5.2.2"
    }
  }

yarn manifest: 
  No manifest

Lockfile: 
  No lockfile
